app/build/intermediates/manifest_merge_blame_file/release/manifest-merger-blame-release-report.txt
1<?xml version="1.0" encoding="utf-8"?>
2<manifest xmlns:android="http://schemas.android.com/apk/res/android"
3    package="com.hisdu.ses"
4    android:versionCode="6"
5    android:versionName="1.0.6" >
6
7    <uses-sdk
8        android:minSdkVersion="21"
8-->src\main\AndroidManifest.xml
9        android:targetSdkVersion="28" />
9-->src\main\AndroidManifest.xml
10
11    <uses-permission android:name="android.permission.INTERNET" />
11-->src\main\AndroidManifest.xml:6:5-67
11-->src\main\AndroidManifest.xml:6:22-64
12    <uses-permission android:name="android.permission.ACCESS_COARSE_LOCATION" />
12-->src\main\AndroidManifest.xml:7:5-81
12-->src\main\AndroidManifest.xml:7:22-78
13    <uses-permission android:name="android.permission.ACCESS_FINE_LOCATION" />
13-->src\main\AndroidManifest.xml:8:5-79
13-->src\main\AndroidManifest.xml:8:22-76
14    <uses-permission android:name="android.permission.CAMERA" />
14-->src\main\AndroidManifest.xml:9:5-65
14-->src\main\AndroidManifest.xml:9:22-62
15    <uses-permission android:name="android.permission.READ_PHONE_STATE" />
15-->src\main\AndroidManifest.xml:10:5-75
15-->src\main\AndroidManifest.xml:10:22-72
16    <uses-permission android:name="android.permission.WRITE_EXTERNAL_STORAGE" />
16-->src\main\AndroidManifest.xml:11:5-81
16-->src\main\AndroidManifest.xml:11:22-78
17    <uses-permission android:name="android.permission.READ_EXTERNAL_STORAGE" />
17-->src\main\AndroidManifest.xml:12:5-80
17-->src\main\AndroidManifest.xml:12:22-77
18
19    <queries>
19-->[com.github.dhaval2404:imagepicker:2.1] AndroidManifest.xml:9:5-19:15
20
21        <!-- Query Camera Packages -->
22        <intent>
22-->[com.github.dhaval2404:imagepicker:2.1] AndroidManifest.xml:12:9-14:18
23            <action android:name="android.media.action.IMAGE_CAPTURE" />
23-->[com.github.dhaval2404:imagepicker:2.1] AndroidManifest.xml:13:13-73
23-->[com.github.dhaval2404:imagepicker:2.1] AndroidManifest.xml:13:21-70
24        </intent>
25        <!-- Query Open Document -->
26        <intent>
26-->[com.github.dhaval2404:imagepicker:2.1] AndroidManifest.xml:12:9-14:18
27            <action android:name="android.intent.action.OPEN_DOCUMENT_TREE" />
28        </intent>
29    </queries>
30
31    <uses-permission android:name="android.permission.ACCESS_NETWORK_STATE" />
31-->[com.novoda:merlin:1.2.0] AndroidManifest.xml:8:5-79
31-->[com.novoda:merlin:1.2.0] AndroidManifest.xml:8:22-76
32
33    <application
33-->src\main\AndroidManifest.xml:14:5-72:19
34        android:name="com.hisdu.ses.MyApplication"
34-->src\main\AndroidManifest.xml:15:9-38
35        android:allowBackup="true"
35-->src\main\AndroidManifest.xml:16:9-35
36        android:appComponentFactory="androidx.core.app.CoreComponentFactory"
36-->[androidx.core:core:1.3.2] AndroidManifest.xml:24:18-86
37        android:icon="@mipmap/ic_launcher_round"
37-->src\main\AndroidManifest.xml:17:9-49
38        android:label="@string/app_name"
38-->src\main\AndroidManifest.xml:18:9-41
39        android:roundIcon="@mipmap/ic_launcher_round"
39-->src\main\AndroidManifest.xml:19:9-54
40        android:supportsRtl="true"
40-->src\main\AndroidManifest.xml:20:9-35
41        android:theme="@style/MyTheme_NoTitle"
41-->src\main\AndroidManifest.xml:21:9-47
42        android:usesCleartextTraffic="true" >
42-->src\main\AndroidManifest.xml:22:9-44
43        <activity android:name="com.hisdu.ses.DashBoardActivity" />
43-->src\main\AndroidManifest.xml:23:9-55
43-->src\main\AndroidManifest.xml:23:19-52
44        <activity
44-->src\main\AndroidManifest.xml:24:9-27:51
45            android:name="com.zfdang.multiple_images_selector.ImagesSelectorActivity"
45-->src\main\AndroidManifest.xml:25:13-86
46            android:configChanges="orientation|screenSize"
46-->src\main\AndroidManifest.xml:26:13-59
47            android:hardwareAccelerated="false" />
47-->src\main\AndroidManifest.xml:27:13-48
48
49        <meta-data
49-->src\main\AndroidManifest.xml:29:9-31:38
50            android:name="AA_DB_NAME"
50-->src\main\AndroidManifest.xml:30:13-38
51            android:value="ses.db" />
51-->src\main\AndroidManifest.xml:31:13-35
52        <meta-data
52-->src\main\AndroidManifest.xml:32:9-34:33
53            android:name="AA_DB_VERSION"
53-->src\main\AndroidManifest.xml:33:13-41
54            android:value="1" />
54-->src\main\AndroidManifest.xml:34:13-30
55
56        <activity
56-->src\main\AndroidManifest.xml:36:9-45:20
57            android:name="com.hisdu.ses.SplashActivity"
57-->src\main\AndroidManifest.xml:37:13-43
58            android:screenOrientation="portrait" >
58-->src\main\AndroidManifest.xml:38:13-49
59            <intent-filter>
59-->src\main\AndroidManifest.xml:39:13-44:29
60                <action android:name="android.intent.action.VIEW" />
60-->src\main\AndroidManifest.xml:40:17-69
60-->src\main\AndroidManifest.xml:40:25-66
61                <action android:name="android.intent.action.MAIN" />
61-->src\main\AndroidManifest.xml:41:17-69
61-->src\main\AndroidManifest.xml:41:25-66
62
63                <category android:name="android.intent.category.LAUNCHER" />
63-->src\main\AndroidManifest.xml:43:17-77
63-->src\main\AndroidManifest.xml:43:27-74
64            </intent-filter>
65        </activity>
66        <activity
66-->src\main\AndroidManifest.xml:46:9-48:52
67            android:name="com.hisdu.ses.MainActivity"
67-->src\main\AndroidManifest.xml:47:13-41
68            android:screenOrientation="portrait" />
68-->src\main\AndroidManifest.xml:48:13-49
69        <activity
69-->src\main\AndroidManifest.xml:49:9-51:52
70            android:name="com.hisdu.ses.LoginActivity"
70-->src\main\AndroidManifest.xml:50:13-42
71            android:screenOrientation="portrait" />
71-->src\main\AndroidManifest.xml:51:13-49
72
73        <service android:name="com.hisdu.ses.LocationService" />
73-->src\main\AndroidManifest.xml:53:9-52
73-->src\main\AndroidManifest.xml:53:18-49
74        <service
74-->src\main\AndroidManifest.xml:54:9-57:72
75            android:name="com.hisdu.ses.MyService"
75-->src\main\AndroidManifest.xml:55:13-38
76            android:exported="true"
76-->src\main\AndroidManifest.xml:56:13-36
77            android:permission="android.permission.BIND_JOB_SERVICE" />
77-->src\main\AndroidManifest.xml:57:13-69
78
79        <provider
79-->src\main\AndroidManifest.xml:59:9-67:20
80            android:name="androidx.core.content.FileProvider"
80-->src\main\AndroidManifest.xml:60:13-62
81            android:authorities="com.hisdu.ses.fileprovider"
81-->src\main\AndroidManifest.xml:61:13-61
82            android:exported="false"
82-->src\main\AndroidManifest.xml:62:13-37
83            android:grantUriPermissions="true" >
83-->src\main\AndroidManifest.xml:63:13-47
84            <meta-data
84-->src\main\AndroidManifest.xml:64:13-66:53
85                android:name="android.support.FILE_PROVIDER_PATHS"
85-->src\main\AndroidManifest.xml:65:17-67
86                android:resource="@xml/file_path" />
86-->src\main\AndroidManifest.xml:66:17-50
87        </provider>
88        <provider
88-->src\main\AndroidManifest.xml:68:9-71:40
89            android:name="com.hisdu.ses.Database.DatabaseContentProvider"
89-->src\main\AndroidManifest.xml:69:13-61
90            android:authorities="com.hisdu.ses"
90-->src\main\AndroidManifest.xml:70:13-48
91            android:exported="false" />
91-->src\main\AndroidManifest.xml:71:13-37
92
93        <activity
93-->[com.google.android.gms:play-services-base:16.0.1] AndroidManifest.xml:23:9-26:75
94            android:name="com.google.android.gms.common.api.GoogleApiActivity"
94-->[com.google.android.gms:play-services-base:16.0.1] AndroidManifest.xml:24:13-79
95            android:exported="false"
95-->[com.google.android.gms:play-services-base:16.0.1] AndroidManifest.xml:25:13-37
96            android:theme="@android:style/Theme.Translucent.NoTitleBar" />
96-->[com.google.android.gms:play-services-base:16.0.1] AndroidManifest.xml:26:13-72
97
98        <meta-data
98-->[com.google.android.gms:play-services-basement:16.0.1] AndroidManifest.xml:23:9-25:69
99            android:name="com.google.android.gms.version"
99-->[com.google.android.gms:play-services-basement:16.0.1] AndroidManifest.xml:24:13-58
100            android:value="@integer/google_play_services_version" />
100-->[com.google.android.gms:play-services-basement:16.0.1] AndroidManifest.xml:25:13-66
101
102        <activity
102-->[com.github.dhaval2404:imagepicker:2.1] AndroidManifest.xml:22:9-25:68
103            android:name="com.github.dhaval2404.imagepicker.ImagePickerActivity"
103-->[com.github.dhaval2404:imagepicker:2.1] AndroidManifest.xml:23:13-81
104            android:screenOrientation="unspecified"
104-->[com.github.dhaval2404:imagepicker:2.1] AndroidManifest.xml:24:13-52
105            android:theme="@style/Theme.Transparent.ImagePicker" />
105-->[com.github.dhaval2404:imagepicker:2.1] AndroidManifest.xml:25:13-65
106        <activity
106-->[com.github.dhaval2404:imagepicker:2.1] AndroidManifest.xml:26:9-29:72
107            android:name="com.yalantis.ucrop.UCropActivity"
107-->[com.github.dhaval2404:imagepicker:2.1] AndroidManifest.xml:27:13-60
108            android:screenOrientation="portrait"
108-->[com.github.dhaval2404:imagepicker:2.1] AndroidManifest.xml:28:13-49
109            android:theme="@style/Theme.AppCompat.Light.NoActionBar" />
109-->[com.github.dhaval2404:imagepicker:2.1] AndroidManifest.xml:29:13-69
110
111        <provider
111-->[com.github.dhaval2404:imagepicker:2.1] AndroidManifest.xml:31:9-39:20
112            android:name="com.github.dhaval2404.imagepicker.ImagePickerFileProvider"
112-->[com.github.dhaval2404:imagepicker:2.1] AndroidManifest.xml:32:13-85
113            android:authorities="com.hisdu.ses.imagepicker.provider"
113-->[com.github.dhaval2404:imagepicker:2.1] AndroidManifest.xml:33:13-72
114            android:exported="false"
114-->[com.github.dhaval2404:imagepicker:2.1] AndroidManifest.xml:34:13-37
115            android:grantUriPermissions="true" >
115-->[com.github.dhaval2404:imagepicker:2.1] AndroidManifest.xml:35:13-47
116            <meta-data
116-->src\main\AndroidManifest.xml:64:13-66:53
117                android:name="android.support.FILE_PROVIDER_PATHS"
117-->src\main\AndroidManifest.xml:65:17-67
118                android:resource="@xml/image_picker_provider_paths" />
118-->src\main\AndroidManifest.xml:66:17-50
119        </provider>
120
121        <service
121-->[com.novoda:merlin:1.2.0] AndroidManifest.xml:11:9-13:40
122            android:name="com.novoda.merlin.MerlinService"
122-->[com.novoda:merlin:1.2.0] AndroidManifest.xml:12:13-59
123            android:exported="false" />
123-->[com.novoda:merlin:1.2.0] AndroidManifest.xml:13:13-37
124
125        <activity
125-->[com.nabinbhandari.android:permissions:3.8] AndroidManifest.xml:12:9-14:67
126            android:name="com.nabinbhandari.android.permissions.PermissionsActivity"
126-->[com.nabinbhandari.android:permissions:3.8] AndroidManifest.xml:13:13-85
127            android:theme="@style/Permissions.TransparentTheme" />
127-->[com.nabinbhandari.android:permissions:3.8] AndroidManifest.xml:14:13-64
128
129        <provider
129-->[com.iceteck.silicompressorr:silicompressor:2.2.2] AndroidManifest.xml:18:9-26:20
130            android:name="com.iceteck.silicompressorr.provider.GenericFileProvider"
130-->[com.iceteck.silicompressorr:silicompressor:2.2.2] AndroidManifest.xml:19:13-84
131            android:authorities="com.hisdu.ses.iceteck.silicompressor.provider"
131-->[com.iceteck.silicompressorr:silicompressor:2.2.2] AndroidManifest.xml:20:13-83
132            android:exported="false"
132-->[com.iceteck.silicompressorr:silicompressor:2.2.2] AndroidManifest.xml:21:13-37
133            android:grantUriPermissions="true" >
133-->[com.iceteck.silicompressorr:silicompressor:2.2.2] AndroidManifest.xml:22:13-47
134            <meta-data
134-->src\main\AndroidManifest.xml:64:13-66:53
135                android:name="android.support.FILE_PROVIDER_PATHS"
135-->src\main\AndroidManifest.xml:65:17-67
136                android:resource="@xml/provider_paths" />
136-->src\main\AndroidManifest.xml:66:17-50
137        </provider>
138    </application>
139
140</manifest>